SF:/Users/abdulhamidyusuf/IdeaProjects/notes_app/package/valid_forms/lib/src/listenable.dart
DA:5,6
DA:11,3
DA:13,12
DA:17,2
DA:19,4
DA:20,4
DA:25,3
DA:28,6
DA:29,3
DA:34,2
DA:36,4
DA:37,3
LF:12
LH:12
end_of_record
SF:/Users/abdulhamidyusuf/IdeaProjects/notes_app/package/valid_forms/lib/src/valid_field_validator.dart
DA:6,3
DA:18,3
DA:19,6
LF:3
LH:3
end_of_record
SF:/Users/abdulhamidyusuf/IdeaProjects/notes_app/package/valid_forms/lib/src/valid_form_field.dart
DA:8,2
DA:24,4
DA:30,2
DA:32,4
DA:33,2
DA:42,2
DA:47,2
DA:48,2
DA:50,2
DA:51,4
DA:52,6
DA:54,2
DA:59,2
DA:63,2
DA:65,2
DA:66,2
LF:16
LH:16
end_of_record
SF:/Users/abdulhamidyusuf/IdeaProjects/notes_app/package/valid_forms/lib/src/valid_form.dart
DA:15,1
DA:18,8
DA:20,2
DA:21,3
DA:23,2
DA:24,6
DA:26,2
DA:27,1
DA:42,1
DA:44,1
DA:45,1
DA:49,1
DA:50,3
DA:51,2
DA:55,1
DA:56,3
DA:65,1
DA:70,1
DA:71,1
DA:73,1
DA:74,6
DA:75,1
DA:78,2
DA:79,1
DA:80,1
DA:81,4
DA:86,1
DA:90,1
DA:91,3
DA:92,1
DA:93,1
DA:94,4
DA:95,1
DA:98,3
DA:99,1
DA:103,1
DA:104,3
DA:105,4
LF:38
LH:38
end_of_record
SF:/Users/abdulhamidyusuf/IdeaProjects/notes_app/package/valid_forms/lib/src/confirmable_valid_form_field.dart
LF:0
LH:0
end_of_record
